# JRE version: OpenJDK Runtime Environment (8.0_242-b01) (build 1.8.0_242-release-1644-b01)
# Java VM: OpenJDK 64-Bit Server VM (25.242-b01 mixed mode windows-amd64 compressed oops)
Heap:
 PSYoungGen      total 176640K, used 31967K [0x00000000d5580000, 0x00000000e1a80000, 0x0000000100000000)
  eden space 151552K, 13% used [0x00000000d5580000,0x00000000d68fe320,0x00000000de980000)
  from space 25088K, 47% used [0x00000000e0200000,0x00000000e0db9be8,0x00000000e1a80000)
  to   space 25088K, 0% used [0x00000000de980000,0x00000000de980000,0x00000000e0200000)
 ParOldGen       total 78336K, used 58067K [0x0000000080000000, 0x0000000084c80000, 0x00000000d5580000)
  object space 78336K, 74% used [0x0000000080000000,0x00000000838b4f18,0x0000000084c80000)
 Metaspace       used 82769K, capacity 85660K, committed 85760K, reserved 1124352K
  class space    used 10538K, capacity 11166K, committed 11264K, reserved 1048576K
GC Heap History (10 events):
Event: 586.054 GC heap before
{Heap before GC invocations=40 (full 4):
 PSYoungGen      total 142336K, used 142298K [0x00000000d5580000, 0x00000000e0580000, 0x0000000100000000)
  eden space 141312K, 100% used [0x00000000d5580000,0x00000000ddf80000,0x00000000ddf80000)
  from space 1024K, 96% used [0x00000000de580000,0x00000000de676860,0x00000000de680000)
  to   space 19456K, 0% used [0x00000000df280000,0x00000000df280000,0x00000000e0580000)
 ParOldGen       total 78336K, used 44438K [0x0000000080000000, 0x0000000084c80000, 0x00000000d5580000)
  object space 78336K, 56% used [0x0000000080000000,0x0000000082b65a80,0x0000000084c80000)
 Metaspace       used 73029K, capacity 75172K, committed 75392K, reserved 1114112K
  class space    used 9555K, capacity 10015K, committed 10112K, reserved 1048576K
Event: 586.071 GC heap after
Heap after GC invocations=40 (full 4):
 PSYoungGen      total 149504K, used 8884K [0x00000000d5580000, 0x00000000e0000000, 0x0000000100000000)
  eden space 135680K, 0% used [0x00000000d5580000,0x00000000d5580000,0x00000000dda00000)
  from space 13824K, 64% used [0x00000000df280000,0x00000000dfb2d0b8,0x00000000e0000000)
  to   space 19456K, 0% used [0x00000000dda00000,0x00000000dda00000,0x00000000ded00000)
 ParOldGen       total 78336K, used 44968K [0x0000000080000000, 0x0000000084c80000, 0x00000000d5580000)
  object space 78336K, 57% used [0x0000000080000000,0x0000000082bea000,0x0000000084c80000)
 Metaspace       used 73029K, capacity 75172K, committed 75392K, reserved 1114112K
  class space    used 9555K, capacity 10015K, committed 10112K, reserved 1048576K
}
Event: 618.436 GC heap before
{Heap before GC invocations=41 (full 4):
 PSYoungGen      total 149504K, used 144564K [0x00000000d5580000, 0x00000000e0000000, 0x0000000100000000)
  eden space 135680K, 100% used [0x00000000d5580000,0x00000000dda00000,0x00000000dda00000)
  from space 13824K, 64% used [0x00000000df280000,0x00000000dfb2d0b8,0x00000000e0000000)
  to   space 19456K, 0% used [0x00000000dda00000,0x00000000dda00000,0x00000000ded00000)
 ParOldGen       total 78336K, used 44968K [0x0000000080000000, 0x0000000084c80000, 0x00000000d5580000)
  object space 78336K, 57% used [0x0000000080000000,0x0000000082bea000,0x0000000084c80000)
 Metaspace       used 75596K, capacity 78028K, committed 78208K, reserved 1118208K
  class space    used 9825K, capacity 10357K, committed 10368K, reserved 1048576K
Event: 618.461 GC heap after
Heap after GC invocations=41 (full 4):
 PSYoungGen      total 142336K, used 12081K [0x00000000d5580000, 0x00000000dfc80000, 0x0000000100000000)
  eden space 130048K, 0% used [0x00000000d5580000,0x00000000d5580000,0x00000000dd480000)
  from space 12288K, 98% used [0x00000000dda00000,0x00000000de5cc6d0,0x00000000de600000)
  to   space 20480K, 0% used [0x00000000de880000,0x00000000de880000,0x00000000dfc80000)
 ParOldGen       total 78336K, used 44976K [0x0000000080000000, 0x0000000084c80000, 0x00000000d5580000)
  object space 78336K, 57% used [0x0000000080000000,0x0000000082bec000,0x0000000084c80000)
 Metaspace       used 75596K, capacity 78028K, committed 78208K, reserved 1118208K
  class space    used 9825K, capacity 10357K, committed 10368K, reserved 1048576K
}
Event: 620.981 GC heap before
{Heap before GC invocations=42 (full 4):
 PSYoungGen      total 142336K, used 142129K [0x00000000d5580000, 0x00000000dfc80000, 0x0000000100000000)
  eden space 130048K, 100% used [0x00000000d5580000,0x00000000dd480000,0x00000000dd480000)
  from space 12288K, 98% used [0x00000000dda00000,0x00000000de5cc6d0,0x00000000de600000)
  to   space 20480K, 0% used [0x00000000de880000,0x00000000de880000,0x00000000dfc80000)
 ParOldGen       total 78336K, used 44976K [0x0000000080000000, 0x0000000084c80000, 0x00000000d5580000)
  object space 78336K, 57% used [0x0000000080000000,0x0000000082bec000,0x0000000084c80000)
 Metaspace       used 75847K, capacity 78284K, committed 78464K, reserved 1118208K
  class space    used 9838K, capacity 10357K, committed 10368K, reserved 1048576K
Event: 621.024 GC heap after
Heap after GC invocations=42 (full 4):
 PSYoungGen      total 145408K, used 18447K [0x00000000d5580000, 0x00000000dfd80000, 0x0000000100000000)
  eden space 124928K, 0% used [0x00000000d5580000,0x00000000d5580000,0x00000000dcf80000)
  from space 20480K, 90% used [0x00000000de880000,0x00000000dfa83ff8,0x00000000dfc80000)
  to   space 23552K, 0% used [0x00000000dcf80000,0x00000000dcf80000,0x00000000de680000)
 ParOldGen       total 78336K, used 44984K [0x0000000080000000, 0x0000000084c80000, 0x00000000d5580000)
  object space 78336K, 57% used [0x0000000080000000,0x0000000082bee000,0x0000000084c80000)
 Metaspace       used 75847K, capacity 78284K, committed 78464K, reserved 1118208K
  class space    used 9838K, capacity 10357K, committed 10368K, reserved 1048576K
}
Event: 622.860 GC heap before
{Heap before GC invocations=43 (full 4):
 PSYoungGen      total 145408K, used 143375K [0x00000000d5580000, 0x00000000dfd80000, 0x0000000100000000)
  eden space 124928K, 100% used [0x00000000d5580000,0x00000000dcf80000,0x00000000dcf80000)
  from space 20480K, 90% used [0x00000000de880000,0x00000000dfa83ff8,0x00000000dfc80000)
  to   space 23552K, 0% used [0x00000000dcf80000,0x00000000dcf80000,0x00000000de680000)
 ParOldGen       total 78336K, used 44984K [0x0000000080000000, 0x0000000084c80000, 0x00000000d5580000)
  object space 78336K, 57% used [0x0000000080000000,0x0000000082bee000,0x0000000084c80000)
 Metaspace       used 75865K, capacity 78348K, committed 78464K, reserved 1118208K
  class space    used 9840K, capacity 10357K, committed 10368K, reserved 1048576K
Event: 622.944 GC heap after
Heap after GC invocations=43 (full 4):
 PSYoungGen      total 148480K, used 17002K [0x00000000d5580000, 0x00000000e1a80000, 0x0000000100000000)
  eden space 124928K, 0% used [0x00000000d5580000,0x00000000d5580000,0x00000000dcf80000)
  from space 23552K, 72% used [0x00000000dcf80000,0x00000000de01abd8,0x00000000de680000)
  to   space 25088K, 0% used [0x00000000e0200000,0x00000000e0200000,0x00000000e1a80000)
 ParOldGen       total 78336K, used 55208K [0x0000000080000000, 0x0000000084c80000, 0x00000000d5580000)
  object space 78336K, 70% used [0x0000000080000000,0x00000000835ea350,0x0000000084c80000)
 Metaspace       used 75865K, capacity 78348K, committed 78464K, reserved 1118208K
  class space    used 9840K, capacity 10357K, committed 10368K, reserved 1048576K
}
Event: 1039.573 GC heap before
{Heap before GC invocations=44 (full 4):
 PSYoungGen      total 148480K, used 141930K [0x00000000d5580000, 0x00000000e1a80000, 0x0000000100000000)
  eden space 124928K, 100% used [0x00000000d5580000,0x00000000dcf80000,0x00000000dcf80000)
  from space 23552K, 72% used [0x00000000dcf80000,0x00000000de01abd8,0x00000000de680000)
  to   space 25088K, 0% used [0x00000000e0200000,0x00000000e0200000,0x00000000e1a80000)
 ParOldGen       total 78336K, used 55208K [0x0000000080000000, 0x0000000084c80000, 0x00000000d5580000)
  object space 78336K, 70% used [0x0000000080000000,0x00000000835ea350,0x0000000084c80000)
 Metaspace       used 81994K, capacity 84782K, committed 85120K, reserved 1124352K
  class space    used 10421K, capacity 11041K, committed 11136K, reserved 1048576K
Event: 1046.923 GC heap after
Heap after GC invocations=44 (full 4):
 PSYoungGen      total 176640K, used 12006K [0x00000000d5580000, 0x00000000e1a80000, 0x0000000100000000)
  eden space 151552K, 0% used [0x00000000d5580000,0x00000000d5580000,0x00000000de980000)
  from space 25088K, 47% used [0x00000000e0200000,0x00000000e0db9be8,0x00000000e1a80000)
  to   space 25088K, 0% used [0x00000000de980000,0x00000000de980000,0x00000000e0200000)
 ParOldGen       total 78336K, used 58067K [0x0000000080000000, 0x0000000084c80000, 0x00000000d5580000)
  object space 78336K, 74% used [0x0000000080000000,0x00000000838b4f18,0x0000000084c80000)
 Metaspace       used 81994K, capacity 84782K, committed 85120K, reserved 1124352K
  class space    used 10421K, capacity 11041K, committed 11136K, reserved 1048576K
}

